<?xml version="1.0" encoding="UTF-8"?>
<!-- Generated by org.testng.reporters.JUnitReportReporter -->
<testsuite hostname="DESKTOP-5C3VH4K" failures="0" tests="2" name="testng.Google" time="16.240" errors="0" timestamp="15 Jun 2022 11:16:36 GMT" skipped="0">
  <testcase classname="testng.Google" name="gmailtitle" time="7.555"/>
  <testcase classname="testng.Google" name="googletitle" time="8.685"/>
</testsuite> <!-- testng.Google -->
