<?xml version="1.0" encoding="UTF-8"?>
<!-- Generated by org.testng.reporters.JUnitReportReporter -->
<testsuite hostname="DESKTOP-5C3VH4K" failures="0" tests="1" name="testng.Base_class" time="9.430" errors="0" timestamp="15 Jun 2022 10:55:54 GMT" skipped="0">
  <testcase classname="testng.Base_class" name="driver" time="9.430"/>
</testsuite> <!-- testng.Base_class -->
